<?xml version="1.0" encoding="UTF-8"?>
<!-- Generated by org.testng.reporters.JUnitXMLReporter -->
<testsuite ignored="0" hostname="Praful" failures="0" tests="4" name="Default test" time="45.609" errors="0" timestamp="2023-12-20T20:23:43 IST">
  <testcase classname="TestLayer.RegisterPageTest" name="validateRegisterUserFunctionality" time="7.402"/>
  <testcase classname="TestLayer.RegisterPageTest" name="validateRegisterUserFunctionality" time="8.64"/>
  <testcase classname="TestLayer.RegisterPageTest" name="validateRegisterUserFunctionality" time="8.45"/>
  <testcase classname="TestLayer.RegisterPageTest" name="validateRegisterUserFunctionality" time="7.678"/>
</testsuite> <!-- Default test -->
