<?xml version="1.0" encoding="UTF-8"?>
<!-- Generated by org.testng.reporters.JUnitXMLReporter -->
<testsuite ignored="0" hostname="Praful" failures="0" tests="4" name="Register Page Test Cases" time="42.144" errors="0" timestamp="2023-12-20T20:27:12 IST">
  <testcase classname="TestLayer.RegisterPageTest" name="validateRegisterUserFunctionality" time="7.274"/>
  <testcase classname="TestLayer.RegisterPageTest" name="validateRegisterUserFunctionality" time="8.902"/>
  <testcase classname="TestLayer.RegisterPageTest" name="validateRegisterUserFunctionality" time="7.448"/>
  <testcase classname="TestLayer.RegisterPageTest" name="validateRegisterUserFunctionality" time="8.114"/>
</testsuite> <!-- Register Page Test Cases -->
